<?xml version="1.0" encoding="UTF-8"?>
<!-- Generated by org.testng.reporters.JUnitReportReporter -->
<testsuite hostname="LAPTOP-J15UI2E7" failures="0" tests="2" name="gettingsomehandson.DataProviderWithJSONDemo" time="0.009" errors="0" timestamp="2022-03-01T23:19:53 IST" skipped="0">
  <testcase classname="gettingsomehandson.DataProviderWithJSONDemo" name="jsondptest" time="0.001"/>
  <system-out/>
  <testcase classname="gettingsomehandson.DataProviderWithJSONDemo" name="jsondptest" time="0.008"/>
  <system-out/>
</testsuite> <!-- gettingsomehandson.DataProviderWithJSONDemo -->
