<?xml version="1.0" encoding="UTF-8"?>
<!-- Generated by org.testng.reporters.JUnitReportReporter -->
<testsuite hostname="LAPTOP-J15UI2E7" failures="0" tests="1" name="gettingsomehandson.DataProviderWithXML" time="0.506" errors="0" timestamp="2022-03-02T14:28:00 IST" skipped="0">
  <testcase classname="gettingsomehandson.DataProviderWithXML" name="mytest2" time="0.506"/>
  <system-out/>
</testsuite> <!-- gettingsomehandson.DataProviderWithXML -->
