<?xml version="1.0" encoding="UTF-8"?>
<!-- Generated by org.testng.reporters.JUnitReportReporter -->
<testsuite hostname="LAPTOP-J15UI2E7" failures="0" tests="1" name="extentreporthandson.ExtentDemoOne" time="5.248" errors="0" timestamp="2022-03-03T10:59:44 IST" skipped="0">
  <testcase classname="extentreporthandson.ExtentDemoOne" name="test1" time="5.248"/>
  <system-out/>
</testsuite> <!-- extentreporthandson.ExtentDemoOne -->
