<?xml version="1.0" encoding="UTF-8"?>
<!-- Generated by org.testng.reporters.JUnitReportReporter -->
<testsuite hostname="LAPTOP-J15UI2E7" failures="0" tests="3" name="gettingsomehandson.PageFactoryRunner" time="20.562" errors="0" timestamp="2022-02-27T16:20:24 IST" skipped="0">
  <testcase classname="gettingsomehandson.PageFactoryRunner" name="pftest1" time="8.357"/>
  <system-out/>
  <testcase classname="gettingsomehandson.PageFactoryRunner" name="bylocatortest1" time="6.986"/>
  <system-out/>
  <testcase classname="gettingsomehandson.PageFactoryRunner" name="pfcachetest1" time="5.219"/>
  <system-out/>
</testsuite> <!-- gettingsomehandson.PageFactoryRunner -->
