<?xml version="1.0" encoding="UTF-8"?>
<!-- Generated by org.testng.reporters.JUnitReportReporter -->
<testsuite hostname="LAPTOP-J15UI2E7" failures="0" tests="5" name="gettingsomehandson.DataProviderDemo" time="0.015" errors="0" timestamp="2022-03-01T18:46:54 IST" skipped="0">
  <testcase classname="gettingsomehandson.DataProviderDemo" name="test1" time="0.001"/>
  <system-out/>
  <testcase classname="gettingsomehandson.DataProviderDemo" name="test1" time="0.001"/>
  <system-out/>
  <testcase classname="gettingsomehandson.DataProviderDemo" name="test1" time="0.010"/>
  <system-out/>
  <testcase classname="gettingsomehandson.DataProviderDemo" name="test1" time="0.001"/>
  <system-out/>
  <testcase classname="gettingsomehandson.DataProviderDemo" name="test1" time="0.002"/>
  <system-out/>
</testsuite> <!-- gettingsomehandson.DataProviderDemo -->
