<?xml version="1.0" encoding="UTF-8"?>
<!-- Generated by org.testng.reporters.JUnitReportReporter -->
<testsuite hostname="LAPTOP-J15UI2E7" failures="0" tests="1" name="com.tmb.tests.SecondSampleTests" time="13.463" errors="0" timestamp="2022-02-26T15:50:19 IST" skipped="0">
  <testcase classname="com.tmb.tests.SecondSampleTests" name="firstTest3" time="13.463"/>
  <system-out/>
</testsuite> <!-- com.tmb.tests.SecondSampleTests -->
